<?xml version="1.0" encoding="UTF-8"?>
<!-- Generated by org.testng.reporters.JUnitReportReporter -->
<testsuite skipped="0" hostname="win011.a1technology.local" name="MobileProgrammingLLC.WebFrame.TC_Module" tests="1" failures="0" timestamp="28 Sep 2018 21:02:39 GMT" time="4.578" errors="0">
  <testcase name="login" time="4.578" classname="MobileProgrammingLLC.WebFrame.TC_Module"/>
</testsuite> <!-- MobileProgrammingLLC.WebFrame.TC_Module -->
