<?xml version="1.0" encoding="UTF-8"?>
<!-- Generated by org.testng.reporters.JUnitReportReporter -->
<testsuite skipped="0" hostname="win011.a1technology.local" name="MobileProgrammingLLC.WebFrameTests.TC_Module" tests="1" failures="0" timestamp="02 Oct 2018 17:02:31 GMT" time="8.693" errors="0">
  <testcase name="login" time="8.693" classname="MobileProgrammingLLC.WebFrameTests.TC_Module"/>
</testsuite> <!-- MobileProgrammingLLC.WebFrameTests.TC_Module -->
