<?xml version="1.0" encoding="UTF-8"?>
<!-- Generated by org.testng.reporters.JUnitReportReporter -->
<testsuite skipped="0" hostname="MAC41G.local" name="MobileProgrammingLLC.Tests.APIDemos_PlayingRedDots" tests="3" failures="0" timestamp="30 Oct 2018 19:06:08 GMT" time="10.539" errors="0">
  <testcase name="validatingRedDotsMovement" time="6.407" classname="MobileProgrammingLLC.Tests.APIDemos_PlayingRedDots"/>
  <testcase name="tapOnDragAndDropOption" time="2.876" classname="MobileProgrammingLLC.Tests.APIDemos_PlayingRedDots"/>
  <testcase name="tapOnViewsOption" time="1.256" classname="MobileProgrammingLLC.Tests.APIDemos_PlayingRedDots"/>
</testsuite> <!-- MobileProgrammingLLC.Tests.APIDemos_PlayingRedDots -->
