<?xml version="1.0" encoding="UTF-8"?>
<!-- Generated by org.testng.reporters.JUnitReportReporter -->
<testsuite skipped="0" hostname="MAC41G.local" name="MobileProgrammingLLC.WebFrameTests.Dummy" tests="1" failures="0" timestamp="11 Oct 2018 18:13:09 GMT" time="1.256" errors="0">
  <testcase name="clickPreference" time="1.256" classname="MobileProgrammingLLC.WebFrameTests.Dummy"/>
</testsuite> <!-- MobileProgrammingLLC.WebFrameTests.Dummy -->
