<?xml version="1.0" encoding="UTF-8"?>
<!-- Generated by org.testng.reporters.JUnitReportReporter -->
<testsuite skipped="0" hostname="MAC41G.local" name="MobileProgrammingLLC.Tests.Dummy" tests="1" failures="0" timestamp="05 Nov 2018 22:14:02 GMT" time="18.819" errors="0">
  <testcase name="meth" time="18.819" classname="MobileProgrammingLLC.Tests.Dummy"/>
</testsuite> <!-- MobileProgrammingLLC.Tests.Dummy -->
