<?xml version="1.0" encoding="UTF-8"?>
<!-- Generated by org.testng.reporters.JUnitReportReporter -->
<testsuite skipped="0" hostname="win011.a1technology.local" name="MobileProgrammingLLC.WebFrameTests.GMail_Login" tests="3" failures="0" timestamp="08 Oct 2018 19:06:43 GMT" time="9.514" errors="0">
  <testcase name="verifyErrorMesssage" time="1.002" classname="MobileProgrammingLLC.WebFrameTests.GMail_Login"/>
  <testcase name="enterUserName" time="4.234" classname="MobileProgrammingLLC.WebFrameTests.GMail_Login"/>
  <testcase name="enterPassword" time="4.278" classname="MobileProgrammingLLC.WebFrameTests.GMail_Login"/>
</testsuite> <!-- MobileProgrammingLLC.WebFrameTests.GMail_Login -->
