<?xml version="1.0" encoding="UTF-8"?>
<!-- Generated by org.testng.reporters.JUnitReportReporter -->
<testsuite skipped="0" hostname="MAC41G.local" name="MobileProgrammingLLC.WebFrameTests.APIDemos_SettingWiFi" tests="1" failures="0" timestamp="11 Oct 2018 20:56:13 GMT" time="1.391" errors="0">
  <testcase name="clickPreference" time="1.391" classname="MobileProgrammingLLC.WebFrameTests.APIDemos_SettingWiFi"/>
</testsuite> <!-- MobileProgrammingLLC.WebFrameTests.APIDemos_SettingWiFi -->
