<?xml version="1.0" encoding="UTF-8"?>
<!-- Generated by org.testng.reporters.JUnitReportReporter -->
<testsuite skipped="0" hostname="MAC41G.local" name="MobileProgrammingLLC.Tests.APIDemos_SettingWiFi" tests="3" failures="0" timestamp="30 Oct 2018 19:06:08 GMT" time="14.061" errors="0">
  <testcase name="settingWifiFunctionality" time="9.434" classname="MobileProgrammingLLC.Tests.APIDemos_SettingWiFi"/>
  <testcase name="clickOnPreferenceDependenciesOption" time="3.547" classname="MobileProgrammingLLC.Tests.APIDemos_SettingWiFi"/>
  <testcase name="clickOnPreferenceOption" time="1.080" classname="MobileProgrammingLLC.Tests.APIDemos_SettingWiFi"/>
</testsuite> <!-- MobileProgrammingLLC.Tests.APIDemos_SettingWiFi -->
