<?xml version="1.0" encoding="UTF-8"?>
<!-- Generated by org.testng.reporters.JUnitReportReporter -->
<testsuite skipped="0" hostname="MAC41G.local" name="MobileProgrammingLLC.Tests.APIDemos_RetrivingDogsInfo" tests="2" failures="0" timestamp="30 Oct 2018 19:06:08 GMT" time="11.205" errors="0">
  <testcase name="retrieveDogNamesInformation" time="7.661" classname="MobileProgrammingLLC.Tests.APIDemos_RetrivingDogsInfo"/>
  <testcase name="navigateToCustomAdapterPage" time="3.544" classname="MobileProgrammingLLC.Tests.APIDemos_RetrivingDogsInfo"/>
</testsuite> <!-- MobileProgrammingLLC.Tests.APIDemos_RetrivingDogsInfo -->
