<?xml version="1.0" encoding="UTF-8"?>
<!-- Generated by org.testng.reporters.JUnitReportReporter -->
<testsuite skipped="0" hostname="win011.a1technology.local" name="MobileProgrammingLLC.WebFrameTests.Rediff_Login" tests="3" failures="0" timestamp="08 Oct 2018 19:06:43 GMT" time="2.619" errors="0">
  <testcase name="rediff_enterUser" time="0.750" classname="MobileProgrammingLLC.WebFrameTests.Rediff_Login"/>
  <testcase name="rediff_enterUser" time="0.802" classname="MobileProgrammingLLC.WebFrameTests.Rediff_Login"/>
  <testcase name="rediff_enterUser" time="1.067" classname="MobileProgrammingLLC.WebFrameTests.Rediff_Login"/>
</testsuite> <!-- MobileProgrammingLLC.WebFrameTests.Rediff_Login -->
