<?xml version="1.0" encoding="UTF-8"?>
<!-- Generated by org.testng.reporters.JUnitReportReporter -->
<testsuite name="MobileProgrammingLLC.Tests.Flipkart_AssertingProducts" tests="2" time="34.489" ignored="0" failures="0" timestamp="22 Jan 2019 18:16:01 GMT" skipped="0" hostname="MAC09F.local" errors="0">
  <testcase name="validatingAddToCartFunctionality" time="19.201" classname="MobileProgrammingLLC.Tests.Flipkart_AssertingProducts"/>
  <testcase name="validatingAddToCartFunctionality" time="15.288" classname="MobileProgrammingLLC.Tests.Flipkart_AssertingProducts"/>
</testsuite> <!-- MobileProgrammingLLC.Tests.Flipkart_AssertingProducts -->
