<?xml version="1.0" encoding="UTF-8"?>
<!-- Generated by org.testng.reporters.JUnitReportReporter -->
<testsuite name="MobileProgrammingLLC.Tests.UiCatalog_ManagingAlertViews" tests="1" time="8.179" ignored="0" failures="0" timestamp="06 Nov 2018 20:31:09 GMT" skipped="0" hostname="MAC41G.local" errors="0">
  <testcase name="manageAlertViews" time="8.179" classname="MobileProgrammingLLC.Tests.UiCatalog_ManagingAlertViews"/>
</testsuite> <!-- MobileProgrammingLLC.Tests.UiCatalog_ManagingAlertViews -->
