<?xml version="1.0" encoding="UTF-8"?>
<!-- Generated by org.testng.reporters.JUnitReportReporter -->
<testsuite name="MobileProgrammingLLC.Tests.UiCatalog_ValdatingActionSheets" tests="1" time="5.555" ignored="0" failures="0" timestamp="06 Nov 2018 16:36:26 GMT" skipped="0" hostname="MAC41G.local" errors="0">
  <testcase name="validateActionSheets" time="5.555" classname="MobileProgrammingLLC.Tests.UiCatalog_ValdatingActionSheets"/>
</testsuite> <!-- MobileProgrammingLLC.Tests.UiCatalog_ValdatingActionSheets -->
