<?xml version="1.0" encoding="UTF-8"?>
<!-- Generated by org.testng.reporters.JUnitReportReporter -->
<testsuite name="MobileProgrammingLLC.WebFrameTests.APIDemos_SettingWiFi" tests="1" time="1.169" ignored="0" failures="0" timestamp="11 Oct 2018 19:18:26 GMT" skipped="0" hostname="MAC41G.local" errors="0">
  <testcase name="clickPreference" time="1.169" classname="MobileProgrammingLLC.WebFrameTests.APIDemos_SettingWiFi"/>
</testsuite> <!-- MobileProgrammingLLC.WebFrameTests.APIDemos_SettingWiFi -->
