<?xml version="1.0" encoding="UTF-8"?>
<!-- Generated by org.testng.reporters.JUnitReportReporter -->
<testsuite name="MobileProgrammingLLC.Tests.APIDemos_SettingWiFi" tests="3" time="12.377" ignored="0" failures="0" timestamp="15 Oct 2018 19:25:20 GMT" skipped="0" hostname="MAC41G.local" errors="0">
  <testcase name="settingWifiFunctionality" time="7.295" classname="MobileProgrammingLLC.Tests.APIDemos_SettingWiFi"/>
  <testcase name="clickOnPreferenceOption" time="1.028" classname="MobileProgrammingLLC.Tests.APIDemos_SettingWiFi"/>
  <testcase name="clickOnPreferenceDependenciesOption" time="4.054" classname="MobileProgrammingLLC.Tests.APIDemos_SettingWiFi"/>
</testsuite> <!-- MobileProgrammingLLC.Tests.APIDemos_SettingWiFi -->
