<?xml version="1.0" encoding="UTF-8"?>
<!-- Generated by org.testng.reporters.JUnitReportReporter -->
<testsuite name="MobileProgrammingLLC.Tests.UiCatalog_ValidatingActionSheets" tests="1" time="42.971" ignored="0" failures="0" timestamp="12 Nov 2018 23:36:07 GMT" skipped="0" hostname="MAC41G.local" errors="0">
  <testcase name="initConfigs" time="42.971" classname="MobileProgrammingLLC.Tests.UiCatalog_ValidatingActionSheets"/>
</testsuite> <!-- MobileProgrammingLLC.Tests.UiCatalog_ValidatingActionSheets -->
