<?xml version="1.0" encoding="UTF-8"?>
<!-- Generated by org.testng.reporters.JUnitReportReporter -->
<testsuite name="MobileProgrammingLLC.Tests.APIDemos_RetrivingDogsInfo" tests="2" time="9.547" ignored="0" failures="0" timestamp="15 Oct 2018 19:25:20 GMT" skipped="0" hostname="MAC41G.local" errors="0">
  <testcase name="retrieveDogNamesInformation" time="6.138" classname="MobileProgrammingLLC.Tests.APIDemos_RetrivingDogsInfo"/>
  <testcase name="navigateToCustomAdapterPage" time="3.409" classname="MobileProgrammingLLC.Tests.APIDemos_RetrivingDogsInfo"/>
</testsuite> <!-- MobileProgrammingLLC.Tests.APIDemos_RetrivingDogsInfo -->
