<?xml version="1.0" encoding="UTF-8"?>
<!-- Generated by org.testng.reporters.JUnitReportReporter -->
<testsuite name="MobileProgrammingLLC.Tests.APIDemos_MakingPopUps" tests="3" time="11.247" ignored="0" failures="0" timestamp="15 Oct 2018 19:25:20 GMT" skipped="0" hostname="MAC41G.local" errors="0">
  <testcase name="tapOnPopUpMenu" time="9.723" classname="MobileProgrammingLLC.Tests.APIDemos_MakingPopUps"/>
  <testcase name="tapOnViewsOption" time="1.340" classname="MobileProgrammingLLC.Tests.APIDemos_MakingPopUps"/>
  <testcase name="makeAPopUp" time="0.184" classname="MobileProgrammingLLC.Tests.APIDemos_MakingPopUps"/>
</testsuite> <!-- MobileProgrammingLLC.Tests.APIDemos_MakingPopUps -->
