<?xml version="1.0" encoding="UTF-8"?>
<!-- Generated by org.testng.reporters.JUnitReportReporter -->
<testsuite name="MobileProgrammingLLC.Tests.APIDemos_PlayingRedDots" tests="3" time="8.432" ignored="0" failures="0" timestamp="15 Oct 2018 19:25:20 GMT" skipped="0" hostname="MAC41G.local" errors="0">
  <testcase name="tapOnViewsOption" time="1.162" classname="MobileProgrammingLLC.Tests.APIDemos_PlayingRedDots"/>
  <testcase name="tapOnDragAndDropOption" time="1.768" classname="MobileProgrammingLLC.Tests.APIDemos_PlayingRedDots"/>
  <testcase name="validatingRedDotsMovement" time="5.502" classname="MobileProgrammingLLC.Tests.APIDemos_PlayingRedDots"/>
</testsuite> <!-- MobileProgrammingLLC.Tests.APIDemos_PlayingRedDots -->
