<?xml version="1.0" encoding="UTF-8"?>
<!-- Generated by org.testng.reporters.JUnitReportReporter -->
<testsuite name="MobileProgrammingLLC.Tests.Amazon_SigningIn" tests="2" time="18.021" ignored="0" failures="0" timestamp="22 Jan 2019 18:16:01 GMT" skipped="0" hostname="MAC09F.local" errors="0">
  <testcase name="navigateToSignInPage" time="8.796" classname="MobileProgrammingLLC.Tests.Amazon_SigningIn"/>
  <testcase name="verifySignInErrorMsg" time="9.225" classname="MobileProgrammingLLC.Tests.Amazon_SigningIn"/>
</testsuite> <!-- MobileProgrammingLLC.Tests.Amazon_SigningIn -->
