<?xml version="1.0" encoding="UTF-8"?>
<!-- Generated by org.testng.reporters.JUnitReportReporter -->
<testsuite name="MobileProgrammingLLC.Tests.Dummy" tests="1" time="5.749" ignored="0" failures="0" timestamp="02 Nov 2018 16:38:40 GMT" skipped="0" hostname="MAC41G.local" errors="0">
  <testcase name="tapOnSomething" time="5.749" classname="MobileProgrammingLLC.Tests.Dummy"/>
</testsuite> <!-- MobileProgrammingLLC.Tests.Dummy -->
