<?xml version="1.0" encoding="UTF-8"?>
<!-- Generated by org.testng.reporters.JUnitReportReporter -->
<testsuite name="MobileProgrammingLLC.Tests.Flipkart_AddToCart" tests="2" time="55.924" ignored="0" failures="0" timestamp="15 Nov 2018 20:07:38 GMT" skipped="0" hostname="MAC41G.local" errors="0">
  <testcase name="validatingAddToCartFunctionality" time="41.330" classname="MobileProgrammingLLC.Tests.Flipkart_AddToCart"/>
  <testcase name="validatingAddToCartFunctionality" time="14.594" classname="MobileProgrammingLLC.Tests.Flipkart_AddToCart"/>
</testsuite> <!-- MobileProgrammingLLC.Tests.Flipkart_AddToCart -->
